f:\megaman.git\trunk\source\ownmgm1\project1\debug\vc120.pdb
f:\megaman.git\trunk\source\ownmgm1\project1\debug\vc120.idb
f:\megaman.git\trunk\source\ownmgm1\project1\debug\mgmenemy.obj
f:\megaman.git\trunk\source\ownmgm1\project1\debug\mgmform.obj
f:\megaman.git\trunk\source\ownmgm1\project1\debug\mgmgame.obj
f:\megaman.git\trunk\source\ownmgm1\project1\debug\mgmgametime.obj
f:\megaman.git\trunk\source\ownmgm1\project1\debug\mgmmap.obj
f:\megaman.git\trunk\source\ownmgm1\project1\debug\megaman.obj
f:\megaman.git\trunk\source\ownmgm1\project1\debug\mgmmovableobject.obj
f:\megaman.git\trunk\source\ownmgm1\project1\debug\mgmobject.obj
f:\megaman.git\trunk\source\ownmgm1\project1\debug\mgmobjectscategory.obj
f:\megaman.git\trunk\source\ownmgm1\project1\debug\mgmpoint.obj
f:\megaman.git\trunk\source\ownmgm1\project1\debug\mgmrectangle.obj
f:\megaman.git\trunk\source\ownmgm1\project1\debug\mgmsprite.obj
f:\megaman.git\trunk\source\ownmgm1\project1\debug\mgmspritemanager.obj
f:\megaman.git\trunk\source\ownmgm1\project1\debug\mgmstage.obj
f:\megaman.git\trunk\source\ownmgm1\project1\debug\mgmtexture.obj
f:\megaman.git\trunk\source\ownmgm1\project1\debug\mgmtilemap.obj
f:\megaman.git\trunk\source\ownmgm1\project1\debug\quadnode.obj
f:\megaman.git\trunk\source\ownmgm1\project1\debug\quadtree.obj
f:\megaman.git\trunk\source\ownmgm1\project1\debug\stairs.obj
f:\megaman.git\trunk\source\ownmgm1\project1\debug\winmain.obj
f:\megaman.git\trunk\source\ownmgm1\project1\debug\bigeye.obj
f:\megaman.git\trunk\source\ownmgm1\project1\debug\collision.obj
f:\megaman.git\trunk\source\ownmgm1\project1\debug\megamanbullet.obj
f:\megaman.git\trunk\source\ownmgm1\project1\debug\mgmdelaytime.obj
f:\megaman.git\trunk\source\ownmgm1\project1\debug\octopusbattery.obj
f:\megaman.git\trunk\source\ownmgm1\project1\debug\funtion.obj
f:\megaman.git\trunk\source\ownmgm1\project1\debug\key.obj
f:\megaman.git\trunk\source\ownmgm1\project1\debug\keyboard.obj
f:\megaman.git\trunk\source\ownmgm1\project1\debug\picketman.obj
f:\megaman.git\trunk\source\ownmgm1\project1\debug\mgmanimation.obj
f:\megaman.git\trunk\source\ownmgm1\project1\debug\mgmbox.obj
f:\megaman.git\trunk\source\ownmgm1\project1\debug\mgmcamera.obj
f:\megaman.git\trunk\source\ownmgm1\project1\debug\mgmdirectxtool.obj
f:\megaman.git\trunk\source\ownmgm1\debug\ownmgm.ilk
f:\megaman.git\trunk\source\ownmgm1\debug\ownmgm.exe
f:\megaman.git\trunk\source\ownmgm1\debug\ownmgm.pdb
f:\megaman.git\trunk\source\ownmgm1\project1\debug\vc140.idb
f:\megaman.git\trunk\source\ownmgm1\project1\debug\vc140.pdb
f:\megaman.git\trunk\source\ownmgm1\project1\debug\ownmgm.tlog\cl.command.1.tlog
f:\megaman.git\trunk\source\ownmgm1\project1\debug\ownmgm.tlog\cl.read.1.tlog
f:\megaman.git\trunk\source\ownmgm1\project1\debug\ownmgm.tlog\cl.write.1.tlog
f:\megaman.git\trunk\source\ownmgm1\project1\debug\ownmgm.tlog\link.command.1.tlog
f:\megaman.git\trunk\source\ownmgm1\project1\debug\ownmgm.tlog\link.read.1.tlog
f:\megaman.git\trunk\source\ownmgm1\project1\debug\ownmgm.tlog\link.write.1.tlog
