  BossGutsman.cpp
c:\users\dung\documents\game_repository\trunk\source\ownmgm1\project1\bossgutsman.cpp(72): warning C4305: '=': truncation from 'double' to 'float'
c:\users\dung\documents\game_repository\trunk\source\ownmgm1\project1\bossgutsman.cpp(74): warning C4244: '=': conversion from 'double' to 'float', possible loss of data
c:\users\dung\documents\game_repository\trunk\source\ownmgm1\project1\bossgutsman.cpp(103): warning C4305: '=': truncation from 'double' to 'float'
c:\users\dung\documents\game_repository\trunk\source\ownmgm1\project1\bossgutsman.cpp(104): warning C4244: '=': conversion from 'double' to 'float', possible loss of data
c:\users\dung\documents\game_repository\trunk\source\ownmgm1\project1\bossgutsman.cpp(120): warning C4244: 'initializing': conversion from 'float' to 'int', possible loss of data
c:\users\dung\documents\game_repository\trunk\source\ownmgm1\project1\bossgutsman.cpp(123): warning C4244: '=': conversion from 'double' to 'float', possible loss of data
c:\users\dung\documents\game_repository\trunk\source\ownmgm1\project1\bossgutsman.cpp(124): warning C4244: '=': conversion from 'double' to 'float', possible loss of data
c:\users\dung\documents\game_repository\trunk\source\ownmgm1\project1\bossgutsman.cpp(148): warning C4244: 'argument': conversion from 'float' to 'int', possible loss of data
c:\users\dung\documents\game_repository\trunk\source\ownmgm1\project1\bossgutsman.cpp(149): warning C4244: '=': conversion from 'double' to 'float', possible loss of data
c:\users\dung\documents\game_repository\trunk\source\ownmgm1\project1\bossgutsman.cpp(154): warning C4244: 'argument': conversion from 'float' to 'int', possible loss of data
c:\users\dung\documents\game_repository\trunk\source\ownmgm1\project1\bossgutsman.cpp(155): warning C4244: 'argument': conversion from 'float' to 'int', possible loss of data
c:\users\dung\documents\game_repository\trunk\source\ownmgm1\project1\bossgutsman.cpp(156): warning C4244: '=': conversion from 'double' to 'float', possible loss of data
c:\users\dung\documents\game_repository\trunk\source\ownmgm1\project1\bossgutsman.cpp(157): warning C4305: '=': truncation from 'double' to 'float'
c:\users\dung\documents\game_repository\trunk\source\ownmgm1\project1\bossgutsman.cpp(162): warning C4244: 'argument': conversion from 'float' to 'int', possible loss of data
c:\users\dung\documents\game_repository\trunk\source\ownmgm1\project1\bossgutsman.cpp(163): warning C4244: '=': conversion from 'double' to 'float', possible loss of data
c:\users\dung\documents\game_repository\trunk\source\ownmgm1\project1\bossgutsman.cpp(164): warning C4305: '=': truncation from 'double' to 'float'
c:\users\dung\documents\game_repository\trunk\source\ownmgm1\project1\bossgutsman.cpp(169): warning C4244: 'argument': conversion from 'float' to 'int', possible loss of data
c:\users\dung\documents\game_repository\trunk\source\ownmgm1\project1\bossgutsman.cpp(170): warning C4244: '=': conversion from 'double' to 'float', possible loss of data
c:\users\dung\documents\game_repository\trunk\source\ownmgm1\project1\bossgutsman.cpp(287): warning C4305: '=': truncation from 'double' to 'float'
c:\users\dung\documents\game_repository\trunk\source\ownmgm1\project1\bossgutsman.cpp(299): warning C4305: '=': truncation from 'double' to 'float'
c:\users\dung\documents\game_repository\trunk\source\ownmgm1\project1\bossgutsman.cpp(312): warning C4305: '=': truncation from 'double' to 'float'
c:\users\dung\documents\game_repository\trunk\source\ownmgm1\project1\bossgutsman.cpp(324): warning C4305: '=': truncation from 'double' to 'float'
c:\users\dung\documents\game_repository\trunk\source\ownmgm1\project1\bossgutsman.cpp(392): warning C4244: 'argument': conversion from 'time_t' to 'unsigned int', possible loss of data
c:\users\dung\documents\game_repository\trunk\source\ownmgm1\project1\bossgutsman.cpp(399): warning C4244: 'argument': conversion from 'time_t' to 'unsigned int', possible loss of data
  Generating Code...
  Skipping... (no relevant changes detected)
  SelectionRectangle.cpp
  Room.cpp
  Megaman.cpp
  MGMMap.cpp
  MGMItem.cpp
  MGMGame.cpp
  HPBar.cpp
  Project1.vcxproj -> C:\Users\Dung\Documents\Game_Repository\trunk\source\OwnMGM1\Debug\OwnMGM.exe
  Project1.vcxproj -> C:\Users\Dung\Documents\Game_Repository\trunk\source\OwnMGM1\Debug\OwnMGM.pdb (Full PDB)
